CRITICAL - 2023-01-06 08:09:45 --> include(sidebar.php): Failed to open stream: No such file or directory
in APPPATH\Views\aktuellesProjekt.php on line 2.
 1 APPPATH\Views\aktuellesProjekt.php(2): CodeIgniter\Debug\Exceptions->errorHandler(2, 'include(sidebar.php): Failed to open stream: No such file or directory', 'APPPATH\\Views\\aktuellesProjekt.php', 2)
 2 APPPATH\Views\aktuellesProjekt.php(2): include()
 3 SYSTEMPATH\View\View.php(213): include('APPPATH\\Views\\aktuellesProjekt.php')
 4 SYSTEMPATH\View\View.php(216): CodeIgniter\View\View->CodeIgniter\View\{closure}()
 5 SYSTEMPATH\Common.php(1135): CodeIgniter\View\View->render('aktuellesProjekt', [], true)
 6 APPPATH\Controllers\AktuellesProjekt.php(10): view('aktuellesProjekt', [...])
 7 SYSTEMPATH\CodeIgniter.php(925): App\Controllers\AktuellesProjekt->index()
 8 SYSTEMPATH\CodeIgniter.php(480): CodeIgniter\CodeIgniter->runController(Object(App\Controllers\AktuellesProjekt))
 9 SYSTEMPATH\CodeIgniter.php(349): CodeIgniter\CodeIgniter->handleRequest(null, Object(Config\Cache), false)
10 FCPATH\index.php(67): CodeIgniter\CodeIgniter->run()
CRITICAL - 2023-01-06 14:10:16 --> include(mitglieder_array.php): Failed to open stream: No such file or directory
in APPPATH\Views\mitglieder.php on line 13.
 1 APPPATH\Views\mitglieder.php(13): CodeIgniter\Debug\Exceptions->errorHandler(2, 'include(mitglieder_array.php): Failed to open stream: No such file or directory', 'APPPATH\\Views\\mitglieder.php', 13)
 2 APPPATH\Views\mitglieder.php(13): include()
 3 SYSTEMPATH\View\View.php(213): include('APPPATH\\Views\\mitglieder.php')
 4 SYSTEMPATH\View\View.php(216): CodeIgniter\View\View->CodeIgniter\View\{closure}()
 5 SYSTEMPATH\Common.php(1135): CodeIgniter\View\View->render('mitglieder', [], true)
 6 APPPATH\Controllers\Mitglieder.php(11): view('mitglieder', [...])
 7 SYSTEMPATH\CodeIgniter.php(925): App\Controllers\Mitglieder->index()
 8 SYSTEMPATH\CodeIgniter.php(480): CodeIgniter\CodeIgniter->runController(Object(App\Controllers\Mitglieder))
 9 SYSTEMPATH\CodeIgniter.php(349): CodeIgniter\CodeIgniter->handleRequest(null, Object(Config\Cache), false)
10 FCPATH\index.php(67): CodeIgniter\CodeIgniter->run()
